#
# There is insufficient memory for the Java Runtime Environment to continue.
# Native memory allocation (malloc) failed to allocate 131088 bytes for Chunk::new
# Possible reasons:
#   The system is out of physical RAM or swap space
#   In 32 bit mode, the process size limit was hit
# Possible solutions:
#   Reduce memory load on the system
#   Increase physical memory or swap space
#   Check if swap backing store is full
#   Use 64 bit Java on a 64 bit OS
#   Decrease Java heap size (-Xmx/-Xms)
#   Decrease number of Java threads
#   Decrease Java thread stack sizes (-Xss)
#   Set larger code cache with -XX:ReservedCodeCacheSize=
# This output file may be truncated or incomplete.
#
#  Out of Memory Error (allocation.cpp:390), pid=4972, tid=0x0000000000001db4
#
# JRE version: OpenJDK Runtime Environment (8.0_112) (build 1.8.0_112-release-736)
# Java VM: OpenJDK 64-Bit Server VM (25.112-b736 mixed mode windows-amd64 compressed oops)
# Failed to write core dump. Minidumps are not enabled by default on client versions of Windows
#

---------------  T H R E A D  ---------------

Current thread (0x0000000016bac000):  JavaThread "C2 CompilerThread1" daemon [_thread_in_native, id=7604, stack(0x00000000192a0000,0x00000000193a0000)]

Stack: [0x00000000192a0000,0x00000000193a0000]
[error occurred during error reporting (printing stack bounds), id 0xc0000005]

Native frames: (J=compiled Java code, j=interpreted, Vv=VM code, C=native code)


Current CompileTask:
C2: 520701 19635       4       com.android.dx.dex.file.DebugInfoEncoder::emitPosition (214 bytes)


---------------  P R O C E S S  ---------------

Java Threads: ( => current thread )
  0x000000001ac72000 JavaThread "ForkJoinPool.commonPool-worker-13" daemon [_thread_blocked, id=9640, stack(0x0000000035a40000,0x0000000035b40000)]
  0x000000001ef60000 JavaThread "ForkJoinPool.commonPool-worker-11" daemon [_thread_blocked, id=14356, stack(0x0000000031a00000,0x0000000031b00000)]
  0x000000001ef58800 JavaThread "ForkJoinPool.commonPool-worker-12" daemon [_thread_blocked, id=6500, stack(0x0000000030930000,0x0000000030a30000)]
  0x000000001ef5e800 JavaThread "ForkJoinPool.commonPool-worker-1" daemon [_thread_blocked, id=5620, stack(0x0000000030830000,0x0000000030930000)]
  0x000000001ef5d000 JavaThread "ForkJoinPool.commonPool-worker-0" daemon [_thread_blocked, id=4920, stack(0x0000000030730000,0x0000000030830000)]
  0x000000001ef5c800 JavaThread "ForkJoinPool.commonPool-worker-7" daemon [_thread_blocked, id=10664, stack(0x0000000030630000,0x0000000030730000)]
  0x000000001ef5b800 JavaThread "ForkJoinPool.commonPool-worker-6" daemon [_thread_blocked, id=6752, stack(0x0000000030530000,0x0000000030630000)]
  0x000000001ef5e000 JavaThread "ForkJoinPool.commonPool-worker-5" daemon [_thread_blocked, id=9408, stack(0x0000000030430000,0x0000000030530000)]
  0x000000001ef5b000 JavaThread "ForkJoinPool.commonPool-worker-4" daemon [_thread_blocked, id=10612, stack(0x0000000030330000,0x0000000030430000)]
  0x000000001ef57000 JavaThread "ForkJoinPool.commonPool-worker-3" daemon [_thread_blocked, id=4476, stack(0x0000000030230000,0x0000000030330000)]
  0x0000000018b41000 JavaThread "ForkJoinPool.commonPool-worker-2" daemon [_thread_blocked, id=7124, stack(0x0000000030030000,0x0000000030130000)]
  0x0000000018b40800 JavaThread "Cache worker for Java compile cache (D:\Git-Repo\light-tower\.gradle\4.0-rc-1\javaCompile)" [_thread_blocked, id=14324, stack(0x000000002ef60000,0x000000002f060000)]
  0x000000001e69d800 JavaThread "Task worker Thread 7" [_thread_blocked, id=13012, stack(0x000000002ed60000,0x000000002ee60000)]
  0x000000001e69d000 JavaThread "Task worker Thread 6" [_thread_blocked, id=15328, stack(0x000000002ec60000,0x000000002ed60000)]
  0x000000001e6a3800 JavaThread "Task worker Thread 5" [_thread_blocked, id=15272, stack(0x000000002eb60000,0x000000002ec60000)]
  0x000000001e69c000 JavaThread "Task worker Thread 4" [_thread_blocked, id=14788, stack(0x000000002ea60000,0x000000002eb60000)]
  0x000000001e69a800 JavaThread "Task worker Thread 3" [_thread_blocked, id=15296, stack(0x000000002e960000,0x000000002ea60000)]
  0x000000001e69b800 JavaThread "Task worker Thread 2" [_thread_blocked, id=15136, stack(0x000000002e860000,0x000000002e960000)]
  0x000000001e6a0000 JavaThread "Task worker" [_thread_blocked, id=15144, stack(0x000000002e760000,0x000000002e860000)]
  0x000000001e698800 JavaThread "Cache worker for task history cache (D:\Git-Repo\light-tower\.gradle\4.0-rc-1\taskHistory)" [_thread_blocked, id=7860, stack(0x000000002e660000,0x000000002e760000)]
  0x000000001e69f000 JavaThread "Cache worker for file content cache (D:\Git-Repo\light-tower\.gradle\4.0-rc-1\fileContent)" [_thread_blocked, id=13240, stack(0x000000002e560000,0x000000002e660000)]
  0x000000001ac7e800 JavaThread "build operations Thread 8" [_thread_blocked, id=12400, stack(0x000000002e460000,0x000000002e560000)]
  0x000000001ac7d800 JavaThread "build operations Thread 7" [_thread_blocked, id=3860, stack(0x000000002e360000,0x000000002e460000)]
  0x000000001ac7c000 JavaThread "build operations Thread 6" [_thread_blocked, id=9396, stack(0x000000002e260000,0x000000002e360000)]
  0x000000001ac7b800 JavaThread "build operations Thread 5" [_thread_blocked, id=8632, stack(0x000000002e160000,0x000000002e260000)]
  0x000000001ac7a800 JavaThread "build operations Thread 4" [_thread_blocked, id=8, stack(0x000000002e060000,0x000000002e160000)]
  0x000000001ac7d000 JavaThread "build operations Thread 3" [_thread_blocked, id=13488, stack(0x000000002df60000,0x000000002e060000)]
  0x000000001ac81800 JavaThread "build operations Thread 2" [_thread_blocked, id=4808, stack(0x000000002de60000,0x000000002df60000)]
  0x000000001ac80800 JavaThread "build operations" [_thread_blocked, id=13992, stack(0x000000002dd60000,0x000000002de60000)]
  0x000000001ac73000 JavaThread "Cache worker for Artifact transforms cache (C:\Users\Liam\.gradle\caches\transforms-1)" [_thread_blocked, id=12384, stack(0x000000002dc60000,0x000000002dd60000)]
  0x000000001ac7a000 JavaThread "Cache worker for file hash cache (D:\Git-Repo\light-tower\.gradle\4.0-rc-1\fileHashes)" [_thread_blocked, id=10844, stack(0x000000002db60000,0x000000002dc60000)]
  0x000000001ac79000 JavaThread "Stdin handler" [_thread_blocked, id=14596, stack(0x000000002da60000,0x000000002db60000)]
  0x000000001ac77000 JavaThread "Asynchronous log dispatcher for DefaultDaemonConnection: socket connection from /127.0.0.1:52364 to /127.0.0.1:52746" [_thread_blocked, id=932, stack(0x000000002d960000,0x000000002da60000)]
  0x000000001ac76000 JavaThread "Daemon worker Thread 2" [_thread_blocked, id=14048, stack(0x000000002d860000,0x000000002d960000)]
  0x000000001ac75800 JavaThread "Cancel handler" [_thread_blocked, id=9288, stack(0x000000002d760000,0x000000002d860000)]
  0x000000001ac74000 JavaThread "Handler for socket connection from /127.0.0.1:52364 to /127.0.0.1:52746" [_thread_in_native, id=12560, stack(0x000000002d660000,0x000000002d760000)]
  0x000000001ac74800 JavaThread "Daemon Thread 2" [_thread_blocked, id=12792, stack(0x000000002c4c0000,0x000000002c5c0000)]
  0x000000001e697000 JavaThread "Memory manager" [_thread_blocked, id=11932, stack(0x0000000023ee0000,0x0000000023fe0000)]
  0x000000001e699000 JavaThread "pool-1-thread-1" [_thread_blocked, id=4848, stack(0x0000000023780000,0x0000000023880000)]
  0x000000001b1dd800 JavaThread "File lock request listener" [_thread_in_native, id=10500, stack(0x000000001d090000,0x000000001d190000)]
  0x000000001ae9f000 JavaThread "Cache worker for file hash cache (C:\Users\Liam\.gradle\caches\4.0-rc-1\fileHashes)" [_thread_blocked, id=564, stack(0x000000001cf90000,0x000000001d090000)]
  0x000000001acc7000 JavaThread "Daemon periodic checks" [_thread_blocked, id=3400, stack(0x000000001c590000,0x000000001c690000)]
  0x000000001acc5800 JavaThread "Incoming local TCP Connector on port 52364" [_thread_in_native, id=8092, stack(0x000000001bf40000,0x000000001c040000)]
  0x0000000018b8e800 JavaThread "Service Thread" daemon [_thread_blocked, id=10316, stack(0x00000000195a0000,0x00000000196a0000)]
  0x0000000018b3d800 JavaThread "C1 CompilerThread3" daemon [_thread_blocked, id=11680, stack(0x00000000194a0000,0x00000000195a0000)]
  0x0000000018b36800 JavaThread "C2 CompilerThread2" daemon [_thread_in_native, id=12460, stack(0x00000000193a0000,0x00000000194a0000)]
=>0x0000000016bac000 JavaThread "C2 CompilerThread1" daemon [_thread_in_native, id=7604, stack(0x00000000192a0000,0x00000000193a0000)]
  0x0000000018ad9800 JavaThread "C2 CompilerThread0" daemon [_thread_in_native, id=13284, stack(0x00000000191a0000,0x00000000192a0000)]
  0x0000000018b30800 JavaThread "Attach Listener" daemon [_thread_blocked, id=5412, stack(0x00000000190a0000,0x00000000191a0000)]
  0x0000000018adc000 JavaThread "Signal Dispatcher" daemon [_thread_blocked, id=4840, stack(0x0000000018fa0000,0x00000000190a0000)]
  0x0000000002dd9000 JavaThread "Finalizer" daemon [_thread_blocked, id=12268, stack(0x0000000018ea0000,0x0000000018fa0000)]
  0x0000000002dd6000 JavaThread "Reference Handler" daemon [_thread_blocked, id=1252, stack(0x00000000189a0000,0x0000000018aa0000)]
  0x0000000002ce0800 JavaThread "main" [_thread_blocked, id=8220, stack(0x00000000027e0000,0x00000000028e0000)]

Other Threads:
  0x0000000016b95800 VMThread [stack: 0x00000000188a0000,0x00000000189a0000] [id=256]
  0x0000000018b8f000 WatcherThread [stack: 0x00000000196a0000,0x00000000197a0000] [id=9020]

VM state:at safepoint (normal execution)

VM Mutex/Monitor currently owned by a thread:  ([mutex/lock_event])
[0x0000000000c9c0f0] Threads_lock - owner thread: 0x0000000016b95800
[0x0000000000c9bf70] Heap_lock - owner thread: 0x000000001ef5b800

Heap:
 PSYoungGen      total 458752K, used 458307K [0x00000000e0000000, 0x0000000100000000, 0x0000000100000000)
  eden space 398336K, 99% used [0x00000000e0000000,0x00000000f84e02c0,0x00000000f8500000)
  from space 60416K, 99% used [0x00000000f8500000,0x00000000fbfb0ab0,0x00000000fc000000)
  to   space 65536K, 6% used [0x00000000fc000000,0x00000000fc3eb9d8,0x0000000100000000)
 ParOldGen       total 291328K, used 194018K [0x00000000a0000000, 0x00000000b1c80000, 0x00000000e0000000)
  object space 291328K, 66% used [0x00000000a0000000,0x00000000abd80a08,0x00000000b1c80000)
 Metaspace       used 85053K, capacity 88984K, committed 89176K, reserved 1126400K
  class space    used 10737K, capacity 11634K, committed 11648K, reserved 1048576K

Card table byte_map: [0x00000000121a0000,0x00000000124b0000] byte_map_base: 0x0000000011ca0000

Marking Bits: (ParMarkBitMap*) 0x000000006e4df8f0
 Begin Bits: [0x0000000012eb0000, 0x00000000146b0000)
 End Bits:   [0x00000000146b0000, 0x0000000015eb0000)

Polling page: 0x0000000000ca0000

CodeCache: size=245760Kb used=56297Kb max_used=57745Kb free=189462Kb
 bounds [0x0000000002de0000, 0x0000000006720000, 0x0000000011de0000]
 total_blobs=15897 nmethods=15047 adapters=762
 compilation: enabled

Compilation events (10 events):
Event: 520.533 Thread 0x0000000018b3d800 19685       1       java.io.ByteArrayOutputStream::close (1 bytes)
Event: 520.533 Thread 0x0000000018b3d800 nmethod 19685 0x0000000005bfed50 code [0x0000000005bfeea0, 0x0000000005bfefb0]
Event: 520.535 Thread 0x0000000018b3d800 19686       1       sun.nio.cs.US_ASCII$Encoder::implReplaceWith (8 bytes)
Event: 520.535 Thread 0x0000000018b3d800 nmethod 19686 0x0000000005d55750 code [0x0000000005d558a0, 0x0000000005d559d0]
Event: 520.587 Thread 0x0000000018b36800 nmethod 19675 0x00000000053d59d0 code [0x00000000053d5c00, 0x00000000053d8588]
Event: 520.587 Thread 0x0000000018b36800 19655   !   4       com.android.dx.cf.code.BytecodeArray::parseInstruction (2764 bytes)
Event: 520.601 Thread 0x0000000018b3d800 19689       3       com.android.dx.ssa.back.FirstFitLocalCombiningAllocator$1::visitNonMoveInsn (6 bytes)
Event: 520.601 Thread 0x0000000018b3d800 nmethod 19689 0x0000000005b6b2d0 code [0x0000000005b6b440, 0x0000000005b6b5c8]
Event: 520.609 Thread 0x0000000018b3d800 19690       3       com.android.dx.rop.code.LocalItem::compareTo (9 bytes)
Event: 520.610 Thread 0x0000000018b3d800 nmethod 19690 0x0000000004e9b490 code [0x0000000004e9b640, 0x0000000004e9bd18]

GC Heap History (10 events):
Event: 518.443 GC heap before
{Heap before GC invocations=28 (full 4):
 PSYoungGen      total 480768K, used 442822K [0x00000000e0000000, 0x00000000fff00000, 0x0000000100000000)
  eden space 438784K, 100% used [0x00000000e0000000,0x00000000fac80000,0x00000000fac80000)
  from space 41984K, 9% used [0x00000000fac80000,0x00000000fb071828,0x00000000fd580000)
  to   space 41472K, 0% used [0x00000000fd680000,0x00000000fd680000,0x00000000fff00000)
 ParOldGen       total 171520K, used 147236K [0x00000000a0000000, 0x00000000aa780000, 0x00000000e0000000)
  object space 171520K, 85% used [0x00000000a0000000,0x00000000a8fc9120,0x00000000aa780000)
 Metaspace       used 85063K, capacity 89060K, committed 89176K, reserved 1126400K
  class space    used 10745K, capacity 11648K, committed 11648K, reserved 1048576K
Event: 518.455 GC heap after
Heap after GC invocations=28 (full 4):
 PSYoungGen      total 480768K, used 8039K [0x00000000e0000000, 0x00000000ffd80000, 0x0000000100000000)
  eden space 440832K, 0% used [0x00000000e0000000,0x00000000e0000000,0x00000000fae80000)
  from space 39936K, 20% used [0x00000000fd680000,0x00000000fde59da8,0x00000000ffd80000)
  to   space 40448K, 0% used [0x00000000fae80000,0x00000000fae80000,0x00000000fd600000)
 ParOldGen       total 171520K, used 150884K [0x00000000a0000000, 0x00000000aa780000, 0x00000000e0000000)
  object space 171520K, 87% used [0x00000000a0000000,0x00000000a93590b8,0x00000000aa780000)
 Metaspace       used 85063K, capacity 89060K, committed 89176K, reserved 1126400K
  class space    used 10745K, capacity 11648K, committed 11648K, reserved 1048576K
}
Event: 518.897 GC heap before
{Heap before GC invocations=29 (full 4):
 PSYoungGen      total 480768K, used 448831K [0x00000000e0000000, 0x00000000ffd80000, 0x0000000100000000)
  eden space 440832K, 99% used [0x00000000e0000000,0x00000000fae76060,0x00000000fae80000)
  from space 39936K, 20% used [0x00000000fd680000,0x00000000fde59da8,0x00000000ffd80000)
  to   space 40448K, 0% used [0x00000000fae80000,0x00000000fae80000,0x00000000fd600000)
 ParOldGen       total 171520K, used 150884K [0x00000000a0000000, 0x00000000aa780000, 0x00000000e0000000)
  object space 171520K, 87% used [0x00000000a0000000,0x00000000a93590b8,0x00000000aa780000)
 Metaspace       used 85066K, capacity 89060K, committed 89176K, reserved 1126400K
  class space    used 10745K, capacity 11648K, committed 11648K, reserved 1048576K
Event: 518.910 GC heap after
Heap after GC invocations=29 (full 4):
 PSYoungGen      total 481280K, used 15837K [0x00000000e0000000, 0x00000000ffc80000, 0x0000000100000000)
  eden space 440832K, 0% used [0x00000000e0000000,0x00000000e0000000,0x00000000fae80000)
  from space 40448K, 39% used [0x00000000fae80000,0x00000000fbdf7460,0x00000000fd600000)
  to   space 38400K, 0% used [0x00000000fd700000,0x00000000fd700000,0x00000000ffc80000)
 ParOldGen       total 171520K, used 154491K [0x00000000a0000000, 0x00000000aa780000, 0x00000000e0000000)
  object space 171520K, 90% used [0x00000000a0000000,0x00000000a96defb8,0x00000000aa780000)
 Metaspace       used 85066K, capacity 89060K, committed 89176K, reserved 1126400K
  class space    used 10745K, capacity 11648K, committed 11648K, reserved 1048576K
}
Event: 519.522 GC heap before
{Heap before GC invocations=30 (full 4):
 PSYoungGen      total 481280K, used 456669K [0x00000000e0000000, 0x00000000ffc80000, 0x0000000100000000)
  eden space 440832K, 100% used [0x00000000e0000000,0x00000000fae80000,0x00000000fae80000)
  from space 40448K, 39% used [0x00000000fae80000,0x00000000fbdf7460,0x00000000fd600000)
  to   space 38400K, 0% used [0x00000000fd700000,0x00000000fd700000,0x00000000ffc80000)
 ParOldGen       total 171520K, used 154491K [0x00000000a0000000, 0x00000000aa780000, 0x00000000e0000000)
  object space 171520K, 90% used [0x00000000a0000000,0x00000000a96defb8,0x00000000aa780000)
 Metaspace       used 85070K, capacity 89060K, committed 89176K, reserved 1126400K
  class space    used 10745K, capacity 11648K, committed 11648K, reserved 1048576K
Event: 519.575 GC heap after
Heap after GC invocations=30 (full 4):
 PSYoungGen      total 436736K, used 38369K [0x00000000e0000000, 0x0000000100000000, 0x0000000100000000)
  eden space 398336K, 0% used [0x00000000e0000000,0x00000000e0000000,0x00000000f8500000)
  from space 38400K, 99% used [0x00000000fd700000,0x00000000ffc786d0,0x00000000ffc80000)
  to   space 62976K, 0% used [0x00000000f8500000,0x00000000f8500000,0x00000000fc280000)
 ParOldGen       total 205824K, used 204399K [0x00000000a0000000, 0x00000000ac900000, 0x00000000e0000000)
  object space 205824K, 99% used [0x00000000a0000000,0x00000000ac79bd88,0x00000000ac900000)
 Metaspace       used 85070K, capacity 89060K, committed 89176K, reserved 1126400K
  class space    used 10745K, capacity 11648K, committed 11648K, reserved 1048576K
}
Event: 519.575 GC heap before
{Heap before GC invocations=31 (full 5):
 PSYoungGen      total 436736K, used 38369K [0x00000000e0000000, 0x0000000100000000, 0x0000000100000000)
  eden space 398336K, 0% used [0x00000000e0000000,0x00000000e0000000,0x00000000f8500000)
  from space 38400K, 99% used [0x00000000fd700000,0x00000000ffc786d0,0x00000000ffc80000)
  to   space 62976K, 0% used [0x00000000f8500000,0x00000000f8500000,0x00000000fc280000)
 ParOldGen       total 205824K, used 204399K [0x00000000a0000000, 0x00000000ac900000, 0x00000000e0000000)
  object space 205824K, 99% used [0x00000000a0000000,0x00000000ac79bd88,0x00000000ac900000)
 Metaspace       used 85070K, capacity 89060K, committed 89176K, reserved 1126400K
  class space    used 10745K, capacity 11648K, committed 11648K, reserved 1048576K
Event: 519.892 GC heap after
Heap after GC invocations=31 (full 5):
 PSYoungGen      total 436736K, used 0K [0x00000000e0000000, 0x0000000100000000, 0x0000000100000000)
  eden space 398336K, 0% used [0x00000000e0000000,0x00000000e0000000,0x00000000f8500000)
  from space 38400K, 0% used [0x00000000fd700000,0x00000000fd700000,0x00000000ffc80000)
  to   space 62976K, 0% used [0x00000000f8500000,0x00000000f8500000,0x00000000fc280000)
 ParOldGen       total 291328K, used 185180K [0x00000000a0000000, 0x00000000b1c80000, 0x00000000e0000000)
  object space 291328K, 63% used [0x00000000a0000000,0x00000000ab4d7140,0x00000000b1c80000)
 Metaspace       used 85046K, capacity 88984K, committed 89176K, reserved 1126400K
  class space    used 10737K, capacity 11634K, committed 11648K, reserved 1048576K
}
Event: 520.231 GC heap before
{Heap before GC invocations=32 (full 5):
 PSYoungGen      total 436736K, used 398336K [0x00000000e0000000, 0x0000000100000000, 0x0000000100000000)
  eden space 398336K, 100% used [0x00000000e0000000,0x00000000f8500000,0x00000000f8500000)
  from space 38400K, 0% used [0x00000000fd700000,0x00000000fd700000,0x00000000ffc80000)
  to   space 62976K, 0% used [0x00000000f8500000,0x00000000f8500000,0x00000000fc280000)
 ParOldGen       total 291328K, used 185180K [0x00000000a0000000, 0x00000000b1c80000, 0x00000000e0000000)
  object space 291328K, 63% used [0x00000000a0000000,0x00000000ab4d7140,0x00000000b1c80000)
 Metaspace       used 85051K, capacity 88984K, committed 89176K, reserved 1126400K
  class space    used 10737K, capacity 11634K, committed 11648K, reserved 1048576K
Event: 520.266 GC heap after
Heap after GC invocations=32 (full 5):
 PSYoungGen      total 458752K, used 60098K [0x00000000e0000000, 0x0000000100000000, 0x0000000100000000)
  eden space 398336K, 0% used [0x00000000e0000000,0x00000000e0000000,0x00000000f8500000)
  from space 60416K, 99% used [0x00000000f8500000,0x00000000fbfb0ab0,0x00000000fc000000)
  to   space 65536K, 0% used [0x00000000fc000000,0x00000000fc000000,0x0000000100000000)
 ParOldGen       total 291328K, used 185180K [0x00000000a0000000, 0x00000000b1c80000, 0x00000000e0000000)
  object space 291328K, 63% used [0x00000000a0000000,0x00000000ab4d7140,0x00000000b1c80000)
 Metaspace       used 85051K, capacity 88984K, committed 89176K, reserved 1126400K
  class space    used 10737K, capacity 11634K, committed 11648K, reserved 1048576K
}

Deoptimization events (10 events):
Event: 519.995 Thread 0x000000001ef58800 Uncommon trap: reason=bimorphic action=maybe_recompile pc=0x000000000647bbf4 method=com.android.dx.cf.code.BytecodeArray.parseInstruction(ILcom/android/dx/cf/code/BytecodeArray$Visitor;)I @ 1287
Event: 519.995 Thread 0x000000001ef58800 Uncommon trap: reason=bimorphic action=maybe_recompile pc=0x000000000647bbf4 method=com.android.dx.cf.code.BytecodeArray.parseInstruction(ILcom/android/dx/cf/code/BytecodeArray$Visitor;)I @ 1287
Event: 520.058 Thread 0x000000001ef58800 Uncommon trap: reason=unstable_if action=reinterpret pc=0x00000000053986d8 method=com.android.dx.ssa.SsaMethod.makeExitBlock()V @ 103
Event: 520.058 Thread 0x000000001ef58800 Uncommon trap: reason=unstable_if action=reinterpret pc=0x0000000005c79508 method=com.android.dx.ssa.SsaMethod.getExitBlock()Lcom/android/dx/ssa/SsaBasicBlock; @ 4
Event: 520.058 Thread 0x000000001ef58800 Uncommon trap: reason=unstable_if action=reinterpret pc=0x0000000005b3e374 method=com.android.dx.ssa.SsaMethod.getExitBlock()Lcom/android/dx/ssa/SsaBasicBlock; @ 4
Event: 520.058 Thread 0x000000001ef58800 Uncommon trap: reason=unstable_if action=reinterpret pc=0x00000000063872bc method=com.android.dx.ssa.SsaMethod.getExitBlock()Lcom/android/dx/ssa/SsaBasicBlock; @ 4
Event: 520.058 Thread 0x000000001ef58800 Uncommon trap: reason=unstable_if action=reinterpret pc=0x00000000064ef360 method=com.android.dx.ssa.SsaMethod.getExitBlock()Lcom/android/dx/ssa/SsaBasicBlock; @ 4
Event: 520.425 Thread 0x000000001ef5c800 Uncommon trap: reason=class_check action=maybe_recompile pc=0x000000000645dfec method=com.android.dx.ssa.ConstCollector.getConstsSortedByCountUse()Ljava/util/ArrayList; @ 282
Event: 520.601 Thread 0x000000001ef5d000 Uncommon trap: reason=unstable_if action=reinterpret pc=0x0000000005fe3964 method=com.android.dx.rop.code.LocalItem.compareHandlesNulls(Lcom/android/dx/rop/cst/CstString;Lcom/android/dx/rop/cst/CstString;)I @ 14
Event: 520.601 Thread 0x000000001ef5d000 Uncommon trap: reason=unstable_if action=reinterpret pc=0x000000000655d924 method=com.android.dx.rop.code.LocalItem.compareHandlesNulls(Lcom/android/dx/rop/cst/CstString;Lcom/android/dx/rop/cst/CstString;)I @ 14

Internal exceptions (10 events):
Event: 520.545 Thread 0x000000001ef5c800 Exception <a 'sun/nio/fs/WindowsException'> (0x00000000eaaa4468) thrown at [D:\src\AOSP-openjdk-cygwin\jdk8u\hotspot\src\share\vm\prims\jni.cpp, line 709]
Event: 520.545 Thread 0x000000001ef5c800 Exception <a 'sun/nio/fs/WindowsException'> (0x00000000eaaa4ac0) thrown at [D:\src\AOSP-openjdk-cygwin\jdk8u\hotspot\src\share\vm\prims\jni.cpp, line 709]
Event: 520.545 Thread 0x000000001ef5c800 Exception <a 'sun/nio/fs/WindowsException'> (0x00000000eaaa5340) thrown at [D:\src\AOSP-openjdk-cygwin\jdk8u\hotspot\src\share\vm\prims\jni.cpp, line 709]
Event: 520.565 Thread 0x000000001ef5e800 Exception <a 'sun/nio/fs/WindowsException'> (0x00000000eb0b6620) thrown at [D:\src\AOSP-openjdk-cygwin\jdk8u\hotspot\src\share\vm\prims\jni.cpp, line 709]
Event: 520.579 Thread 0x000000001ef5e800 Exception <a 'sun/nio/fs/WindowsException'> (0x00000000eeefd5c0) thrown at [D:\src\AOSP-openjdk-cygwin\jdk8u\hotspot\src\share\vm\prims\jni.cpp, line 709]
Event: 520.579 Thread 0x000000001ef5e800 Exception <a 'sun/nio/fs/WindowsException'> (0x00000000eeefdc18) thrown at [D:\src\AOSP-openjdk-cygwin\jdk8u\hotspot\src\share\vm\prims\jni.cpp, line 709]
Event: 520.579 Thread 0x000000001ef5e800 Exception <a 'sun/nio/fs/WindowsException'> (0x00000000eeefe498) thrown at [D:\src\AOSP-openjdk-cygwin\jdk8u\hotspot\src\share\vm\prims\jni.cpp, line 709]
Event: 520.601 Thread 0x000000001ef5d000 Implicit null exception at 0x0000000005fe2d0f to 0x0000000005fe392d
Event: 520.601 Thread 0x000000001ef5d000 Implicit null exception at 0x000000000655d60c to 0x000000000655d911
Event: 520.624 Thread 0x000000001ef5b800 Exception <a 'java/lang/OutOfMemoryError'> (0x00000000f04df8f0) thrown at [D:\src\AOSP-openjdk-cygwin\jdk8u\hotspot\src\share\vm\prims\jni.cpp, line 735]

Events (10 events):
Event: 520.440 Thread 0x000000001ef5c800 DEOPT PACKING pc=0x0000000004bb8d39 sp=0x000000003072e9f0
Event: 520.440 Thread 0x000000001ef5c800 DEOPT UNPACKING pc=0x0000000002e275bf sp=0x000000003072e7a0 mode 0
Event: 520.518 Thread 0x000000001ef5d000 DEOPT PACKING pc=0x0000000004bb8d39 sp=0x000000003082e9b0
Event: 520.518 Thread 0x000000001ef5d000 DEOPT UNPACKING pc=0x0000000002e275bf sp=0x000000003082e760 mode 0
Event: 520.601 Thread 0x000000001ef5d000 Uncommon trap: trap_request=0xffffff65 fr.pc=0x0000000005fe3964
Event: 520.601 Thread 0x000000001ef5d000 DEOPT PACKING pc=0x0000000005fe3964 sp=0x000000003082e8a0
Event: 520.601 Thread 0x000000001ef5d000 DEOPT UNPACKING pc=0x0000000002e2556a sp=0x000000003082e618 mode 2
Event: 520.601 Thread 0x000000001ef5d000 Uncommon trap: trap_request=0xffffff65 fr.pc=0x000000000655d924
Event: 520.601 Thread 0x000000001ef5d000 DEOPT PACKING pc=0x000000000655d924 sp=0x000000003082e790
Event: 520.601 Thread 0x000000001ef5d000 DEOPT UNPACKING pc=0x0000000002e2556a sp=0x000000003082e670 mode 2


Dynamic libraries:
0x00007ff7a84a0000 - 0x00007ff7a84d1000 	D:\Studio\Programming\android-studio\jre\bin\java.exe
0x00007ff88aa50000 - 0x00007ff88ac21000 	C:\WINDOWS\SYSTEM32\ntdll.dll
0x00007ff88a120000 - 0x00007ff88a1cc000 	C:\WINDOWS\System32\KERNEL32.DLL
0x00007ff8870c0000 - 0x00007ff8872dd000 	C:\WINDOWS\System32\KERNELBASE.dll
0x00007ff88a4e0000 - 0x00007ff88a582000 	C:\WINDOWS\System32\ADVAPI32.dll
0x00007ff889730000 - 0x00007ff8897ce000 	C:\WINDOWS\System32\msvcrt.dll
0x00007ff88a240000 - 0x00007ff88a299000 	C:\WINDOWS\System32\sechost.dll
0x00007ff887ff0000 - 0x00007ff888111000 	C:\WINDOWS\System32\RPCRT4.dll
0x00007ff889fa0000 - 0x00007ff88a105000 	C:\WINDOWS\System32\USER32.dll
0x00007ff8870a0000 - 0x00007ff8870be000 	C:\WINDOWS\System32\win32u.dll
0x00007ff88a2a0000 - 0x00007ff88a2d4000 	C:\WINDOWS\System32\GDI32.dll
0x00007ff887ac0000 - 0x00007ff887c42000 	C:\WINDOWS\System32\gdi32full.dll
0x00007ff876a00000 - 0x00007ff876c7a000 	C:\WINDOWS\WinSxS\amd64_microsoft.windows.common-controls_6595b64144ccf1df_6.0.14393.953_none_42151e83c686086b\COMCTL32.dll
0x00007ff8899d0000 - 0x00007ff889c98000 	C:\WINDOWS\System32\combase.dll
0x00007ff8879c0000 - 0x00007ff887ab5000 	C:\WINDOWS\System32\ucrtbase.dll
0x00007ff886f90000 - 0x00007ff886ffa000 	C:\WINDOWS\System32\bcryptPrimitives.dll
0x00007ff88a440000 - 0x00007ff88a46e000 	C:\WINDOWS\System32\IMM32.DLL
0x000000006dc40000 - 0x000000006dd12000 	D:\Studio\Programming\android-studio\jre\jre\bin\msvcr100.dll
0x000000006dd20000 - 0x000000006e55a000 	D:\Studio\Programming\android-studio\jre\jre\bin\server\jvm.dll
0x00007ff887fe0000 - 0x00007ff887fe8000 	C:\WINDOWS\System32\PSAPI.DLL
0x00007ff881750000 - 0x00007ff881759000 	C:\WINDOWS\SYSTEM32\WSOCK32.dll
0x00007ff882b20000 - 0x00007ff882b2a000 	C:\WINDOWS\SYSTEM32\VERSION.dll
0x00007ff885200000 - 0x00007ff885223000 	C:\WINDOWS\SYSTEM32\WINMM.dll
0x00007ff88a1d0000 - 0x00007ff88a23a000 	C:\WINDOWS\System32\WS2_32.dll
0x00007ff885090000 - 0x00007ff8850bb000 	C:\WINDOWS\SYSTEM32\WINMMBASE.dll
0x00007ff886f40000 - 0x00007ff886f82000 	C:\WINDOWS\System32\cfgmgr32.dll
0x00007ff87f130000 - 0x00007ff87f13f000 	D:\Studio\Programming\android-studio\jre\jre\bin\verify.dll
0x00007ff872d70000 - 0x00007ff872d99000 	D:\Studio\Programming\android-studio\jre\jre\bin\java.dll
0x00007ff87c860000 - 0x00007ff87c876000 	D:\Studio\Programming\android-studio\jre\jre\bin\zip.dll
0x00007ff888120000 - 0x00007ff889628000 	C:\WINDOWS\System32\SHELL32.dll
0x00007ff8872e0000 - 0x00007ff8879ba000 	C:\WINDOWS\System32\windows.storage.dll
0x00007ff886ef0000 - 0x00007ff886f3c000 	C:\WINDOWS\System32\powrprof.dll
0x00007ff889e00000 - 0x00007ff889e52000 	C:\WINDOWS\System32\shlwapi.dll
0x00007ff886ed0000 - 0x00007ff886edf000 	C:\WINDOWS\System32\kernel.appcore.dll
0x00007ff887e80000 - 0x00007ff887f29000 	C:\WINDOWS\System32\shcore.dll
0x00007ff886eb0000 - 0x00007ff886ec4000 	C:\WINDOWS\System32\profapi.dll
0x00007ff87c6a0000 - 0x00007ff87c6ba000 	D:\Studio\Programming\android-studio\jre\jre\bin\net.dll
0x00007ff8867e0000 - 0x00007ff88683c000 	C:\WINDOWS\system32\mswsock.dll
0x00007ff872d50000 - 0x00007ff872d61000 	D:\Studio\Programming\android-studio\jre\jre\bin\nio.dll
0x00007ff864420000 - 0x00007ff86443e000 	C:\Users\Liam\.gradle\native\25\windows-amd64\native-platform.dll
0x00007ff886980000 - 0x00007ff886997000 	C:\WINDOWS\SYSTEM32\CRYPTSP.dll
0x00007ff8863e0000 - 0x00007ff886413000 	C:\WINDOWS\system32\rsaenh.dll
0x00007ff886a90000 - 0x00007ff886abb000 	C:\WINDOWS\SYSTEM32\bcrypt.dll
0x00007ff886660000 - 0x00007ff88667f000 	C:\WINDOWS\SYSTEM32\USERENV.dll
0x00007ff8869a0000 - 0x00007ff8869ab000 	C:\WINDOWS\SYSTEM32\CRYPTBASE.dll
0x00007ff886560000 - 0x00007ff886598000 	C:\WINDOWS\SYSTEM32\IPHLPAPI.DLL
0x00007ff88a110000 - 0x00007ff88a118000 	C:\WINDOWS\System32\NSI.dll
0x00007ff882960000 - 0x00007ff882976000 	C:\WINDOWS\SYSTEM32\dhcpcsvc6.DLL
0x00007ff882940000 - 0x00007ff88295a000 	C:\WINDOWS\SYSTEM32\dhcpcsvc.DLL
0x00007ff87ee30000 - 0x00007ff87ee3d000 	D:\Studio\Programming\android-studio\jre\jre\bin\management.dll
0x00007ff869be0000 - 0x00007ff869c04000 	D:\Studio\Programming\android-studio\jre\jre\bin\sunec.dll
0x00007ff8865a0000 - 0x00007ff886641000 	C:\WINDOWS\SYSTEM32\DNSAPI.dll
0x00007ff87c200000 - 0x00007ff87c20a000 	C:\Windows\System32\rasadhlp.dll
0x00007ff880fd0000 - 0x00007ff88103a000 	C:\WINDOWS\System32\fwpuclnt.dll
0x00007ff874f20000 - 0x00007ff874f2b000 	D:\Studio\Programming\android-studio\jre\jre\bin\sunmscapi.dll
0x00007ff887cb0000 - 0x00007ff887e79000 	C:\WINDOWS\System32\CRYPT32.dll
0x00007ff886ee0000 - 0x00007ff886ef0000 	C:\WINDOWS\System32\MSASN1.dll
0x0000000064940000 - 0x00000000649c7000 	C:\Users\Liam\AppData\Local\Temp\aapt2_2724610512081680826.dir\libwinpthread-1.dll
0x00000000279d0000 - 0x000000002b2b3000 	C:\Users\Liam\AppData\Local\Temp\aapt2_2724610512081680826.dir\libaapt2_jni.dll
0x00007ff8862b0000 - 0x00007ff8862e2000 	C:\WINDOWS\SYSTEM32\ntmarta.dll

VM Arguments:
jvm_args: -Xmx1536m -Dfile.encoding=GBK -Duser.country=CN -Duser.language=zh -Duser.variant 
java_command: org.gradle.launcher.daemon.bootstrap.GradleDaemon 4.0-rc-1
java_class_path (initial): C:\Users\Liam\.gradle\wrapper\dists\gradle-4.0-rc-1-all\f2e4agya6jovmpf9txk9t7844\gradle-4.0-rc-1\lib\gradle-launcher-4.0.jar
Launcher Type: SUN_STANDARD

Environment Variables:
PATH=C:\ProgramData\Oracle\Java\javapath;C:\Windows\system32;C:\Windows;C:\Windows\System32\Wbem;C:\Windows\System32\WindowsPowerShell\v1.0\;C:\WINDOWS\system32;C:\WINDOWS;C:\WINDOWS\System32\Wbem;C:\WINDOWS\System32\WindowsPowerShell\v1.0\;C:\Program Files\TortoiseSVN\bin;C:\WINDOWS\system32;C:\WINDOWS;C:\WINDOWS\System32\Wbem;C:\WINDOWS\System32\WindowsPowerShell\v1.0\;C:\Program Files\gradle-3.2.1\bin;D:\Studio\Programming\android-sdk-windows\platform-tools\;C:\Users\Liam\AppData\Local\Programs\Python\Python35\Scripts\;C:\Users\Liam\AppData\Local\Programs\Python\Python35\;C:\Program Files (x86)\Microsoft VS Code\bin;C:\Program Files\Java\jdk1.8.0_51\bin;C:\Users\Liam\AppData\Local\Microsoft\WindowsApps;
USERNAME=Liam
OS=Windows_NT
PROCESSOR_IDENTIFIER=Intel64 Family 6 Model 60 Stepping 3, GenuineIntel



---------------  S Y S T E M  ---------------

OS: Windows 10.0 , 64 bit Build 14393 (10.0.14393.1198)

CPU:total 8 (4 cores per cpu, 2 threads per core) family 6 model 60 stepping 3, cmov, cx8, fxsr, mmx, sse, sse2, sse3, ssse3, sse4.1, sse4.2, popcnt, avx, avx2, aes, clmul, erms, lzcnt, ht, tsc, tscinvbit, bmi1, bmi2

Memory: 4k page, physical 8330052k(1130836k free), swap 13024968k(1512k free)

vm_info: OpenJDK 64-Bit Server VM (25.112-b736) for windows-amd64 JRE (1.8.0_112-release-736), built on Mar  6 2017 17:02:07 by "builder" with MS VC++ 10.0 (VS2010)

time: Wed Jun 28 22:52:13 2017
elapsed time: 520 seconds (0d 0h 8m 40s)

